[debug] [2021-02-24T00:55:09.013Z] ----------------------------------------------------------------------
[debug] [2021-02-24T00:55:09.020Z] Command:       /usr/local/bin/firebase /Users/evanhutson/.cache/firebase/tools/lib/node_modules/firebase-tools/lib/bin/firebase serve
[debug] [2021-02-24T00:55:09.021Z] CLI Version:   9.5.0
[debug] [2021-02-24T00:55:09.021Z] Platform:      darwin
[debug] [2021-02-24T00:55:09.021Z] Node Version:  v12.18.1
[debug] [2021-02-24T00:55:09.042Z] Time:          Tue Feb 23 2021 19:55:09 GMT-0500 (Eastern Standard Time)
[debug] [2021-02-24T00:55:09.043Z] ----------------------------------------------------------------------
[debug] [2021-02-24T00:55:09.043Z] 
[debug] [2021-02-24T00:55:09.069Z] > command requires scopes: ["email","openid","https://www.googleapis.com/auth/cloudplatformprojects.readonly","https://www.googleapis.com/auth/firebase","https://www.googleapis.com/auth/cloud-platform"]
[debug] [2021-02-24T00:55:09.070Z] > authorizing via signed-in user
[debug] [2021-02-24T00:55:09.071Z] [iam] checking project backpacking-project for permissions ["firebase.projects.get"]
[debug] [2021-02-24T00:55:09.078Z] >>> HTTP REQUEST POST https://cloudresourcemanager.googleapis.com/v1/projects/backpacking-project:testIamPermissions  
 {"permissions":["firebase.projects.get"]}
[debug] [2021-02-24T00:55:09.373Z] <<< HTTP RESPONSE 200 {"content-type":"application/json; charset=UTF-8","vary":"X-Origin, Referer, Origin,Accept-Encoding","date":"Wed, 24 Feb 2021 00:55:10 GMT","server":"ESF","cache-control":"private","x-xss-protection":"0","x-frame-options":"SAMEORIGIN","x-content-type-options":"nosniff","server-timing":"gfet4t7; dur=89","alt-svc":"h3-29=\":443\"; ma=2592000,h3-T051=\":443\"; ma=2592000,h3-Q050=\":443\"; ma=2592000,h3-Q046=\":443\"; ma=2592000,h3-Q043=\":443\"; ma=2592000,quic=\":443\"; ma=2592000; v=\"46,43\"","accept-ranges":"none","transfer-encoding":"chunked"}
[debug] [2021-02-24T00:55:09.378Z] > refreshing access token with scopes: []
[debug] [2021-02-24T00:55:09.378Z] >>> HTTP REQUEST POST https://www.googleapis.com/oauth2/v3/token  
 <request body omitted>
[debug] [2021-02-24T00:55:10.538Z] <<< HTTP RESPONSE 200 {"cache-control":"no-cache, no-store, max-age=0, must-revalidate","expires":"Mon, 01 Jan 1990 00:00:00 GMT","pragma":"no-cache","date":"Wed, 24 Feb 2021 00:55:11 GMT","content-type":"application/json; charset=utf-8","vary":"X-Origin, Referer, Origin,Accept-Encoding","server":"scaffolding on HTTPServer2","x-xss-protection":"0","x-frame-options":"SAMEORIGIN","x-content-type-options":"nosniff","alt-svc":"h3-29=\":443\"; ma=2592000,h3-T051=\":443\"; ma=2592000,h3-Q050=\":443\"; ma=2592000,h3-Q046=\":443\"; ma=2592000,h3-Q043=\":443\"; ma=2592000,quic=\":443\"; ma=2592000; v=\"46,43\"","accept-ranges":"none","transfer-encoding":"chunked"}
[debug] [2021-02-24T00:55:10.583Z] >>> [apiv2][query] GET https://firebase.googleapis.com/v1beta1/projects/backpacking-project [none]
[debug] [2021-02-24T00:55:10.824Z] <<< [apiv2][status] GET https://firebase.googleapis.com/v1beta1/projects/backpacking-project 200
[debug] [2021-02-24T00:55:10.824Z] <<< [apiv2][body] GET https://firebase.googleapis.com/v1beta1/projects/backpacking-project {"projectId":"backpacking-project","projectNumber":"757558776915","displayName":"Backpacking Project","name":"projects/backpacking-project","resources":{"hostingSite":"backpacking-project"},"state":"ACTIVE"}
[info] 
[info] === Serving from '/Users/evanhutson/Documents/GitHub/BackpackingProject'...
[info] 
[debug] [2021-02-24T00:55:10.828Z] >>> [apiv2][query] GET https://firebase.googleapis.com/v1beta1/projects/backpacking-project/webApps/-/config [none]
[debug] [2021-02-24T00:55:11.204Z] <<< [apiv2][status] GET https://firebase.googleapis.com/v1beta1/projects/backpacking-project/webApps/-/config 200
[debug] [2021-02-24T00:55:11.204Z] <<< [apiv2][body] GET https://firebase.googleapis.com/v1beta1/projects/backpacking-project/webApps/-/config {"projectId":"backpacking-project","appId":"1:757558776915:web:894d9e90ce7a2aafd022a6","storageBucket":"backpacking-project.appspot.com","apiKey":"AIzaSyBlDiEvTqcoYScX2CXThcwhVlFg0qlCQe8","authDomain":"backpacking-project.firebaseapp.com","messagingSenderId":"757558776915","measurementId":"G-WW02WJCCP0"}
[info] i  hosting: Serving hosting files from: public {"metadata":{"emulator":{"name":"hosting"},"message":"Serving hosting files from: \u001b[1mpublic\u001b[22m"}}
[info] ✔  hosting: Local server: http://localhost:5000 {"metadata":{"emulator":{"name":"hosting"},"message":"Local server: \u001b[4m\u001b[1mhttp://localhost:5000\u001b[22m\u001b[24m"}}
